19:33:53.219 INFO: Scanner configuration file: /home/alex/tools/scannercli/sonar-scanner-3.1.0.1141-linux/conf/sonar-scanner.properties
19:33:53.227 INFO: Project root configuration file: /home/alex/code/pythoncoverage/sonar-project.properties
19:33:53.278 INFO: SonarQube Scanner 3.1.0.1141
19:33:53.278 INFO: Java 1.8.0_121 Oracle Corporation (64-bit)
19:33:53.279 INFO: Linux 4.19.0-6-amd64 amd64
19:33:53.515 DEBUG: keyStore is : 
19:33:53.515 DEBUG: keyStore type is : jks
19:33:53.515 DEBUG: keyStore provider is : 
19:33:53.515 DEBUG: init keystore
19:33:53.516 DEBUG: init keymanager of type SunX509
19:33:53.668 DEBUG: Create: /home/alex/.sonar/cache
19:33:53.669 INFO: User cache: /home/alex/.sonar/cache
19:33:53.669 DEBUG: Create: /home/alex/.sonar/cache/_tmp
19:33:53.685 DEBUG: Extract sonar-scanner-api-batch in temp...
19:33:53.690 DEBUG: Get bootstrap index...
19:33:53.690 DEBUG: Download: http://localhost:9000/batch/index
19:33:53.918 DEBUG: Get bootstrap completed
19:33:53.926 DEBUG: Create isolated classloader...
19:33:53.941 DEBUG: Start temp cleaning...
19:33:53.950 DEBUG: Temp cleaning done
19:33:53.950 DEBUG: Execution getVersion
19:33:53.952 INFO: SonarQube server 7.9.2
19:33:53.952 INFO: Default locale: "en_US", source code encoding: "US-ASCII" (analysis is platform dependent)
19:33:53.953 DEBUG: Work directory: /home/alex/code/pythoncoverage/.scannerwork
19:33:53.956 DEBUG: Execution execute
19:33:54.286 DEBUG: Enterprise 7.9.2.30863
19:33:54.438 INFO: Load global settings
19:33:54.636 DEBUG: GET 200 http://localhost:9000/api/settings/values.protobuf | time=196ms
19:33:54.703 INFO: Load global settings (done) | time=265ms
19:33:54.707 INFO: Server id: 7EF2491C-AXBYkzaFTuYebd_wMmRb
19:33:54.745 INFO: User cache: /home/alex/.sonar/cache
19:33:54.762 INFO: Load/download plugins
19:33:54.762 INFO: Load plugins index
19:33:54.786 DEBUG: GET 200 http://localhost:9000/api/plugins/installed | time=24ms
19:33:54.859 INFO: Load plugins index (done) | time=97ms
19:33:54.891 DEBUG: Download plugin 'example' to '/home/alex/.sonar/_tmp/fileCache2207537841489452167.tmp'
19:33:54.914 DEBUG: GET 200 http://localhost:9000/api/plugins/download?plugin=example&acceptCompressions=pack200 | time=22ms
19:33:55.378 INFO: Load/download plugins (done) | time=615ms
19:33:55.771 DEBUG: Plugins:
19:33:55.771 DEBUG:   * SonarCSS 1.1.1.1010 (cssfamily)
19:33:55.771 DEBUG:   * Svn 1.9.0.1295 (scmsvn)
19:33:55.780 DEBUG:   * Example Plugin for SonarQube 8.x 8.1.0 (example)
19:33:55.780 DEBUG:   * SonarPLSQL 3.4.1.2576 (plsql)
19:33:55.780 DEBUG:   * SonarScala 1.5.0.315 (sonarscala)
19:33:55.781 DEBUG:   * COBOL Custom Rules 1.0 (cobolcustom)
19:33:55.781 DEBUG:   * SonarC# 8.1.0.13383 (csharp)
19:33:55.781 DEBUG:   * Vulnerability Analysis 8.1.0.675 (security)
19:33:55.781 DEBUG:   * SonarJava 6.0.0.20538 (java)
19:33:55.781 DEBUG:   * LDAP 2.2.0.608 (ldap)
19:33:55.782 DEBUG:   * SonarHTML 3.1.0.1615 (web)
19:33:55.782 DEBUG:   * SonarFlex 2.5.1.1831 (flex)
19:33:55.782 DEBUG:   * SonarXML 2.0.1.2020 (xml)
19:33:55.782 DEBUG:   * SonarTS 2.1.0.4359 (typescript)
19:33:55.782 DEBUG:   * SonarVB 7.15.0.8572 (vbnet)
19:33:55.782 DEBUG:   * SonarSwift 4.1.0.3087 (swift)
19:33:55.782 DEBUG:   * SonarCFamily 6.8.0.16475 (cpp)
19:33:55.783 DEBUG:   * SonarPython 2.8.0.6204 (python)
19:33:55.783 DEBUG:   * GitHub Authentication for SonarQube 1.5.0.870 (authgithub)
19:33:55.783 DEBUG:   * JaCoCo 1.0.2.475 (jacoco)
19:33:55.783 DEBUG:   * SonarGo 1.1.1.2000 (go)
19:33:55.784 DEBUG:   * SonarKotlin 1.5.0.315 (kotlin)
19:33:55.784 DEBUG:   * SonarRPG 2.3.0.1187 (rpg)
19:33:55.784 DEBUG:   * SonarPLI 1.10.0.1880 (pli)
19:33:55.785 DEBUG:   * SonarTSQL 1.4.0.3334 (tsql)
19:33:55.785 DEBUG:   * SonarVB6 2.6.0.1875 (vb)
19:33:55.786 DEBUG:   * SonarApex 1.5.0.315 (sonarapex)
19:33:55.786 DEBUG:   * SonarJS 6.2.1.12157 (javascript)
19:33:55.786 DEBUG:   * SonarRuby 1.5.0.315 (ruby)
19:33:55.786 DEBUG:   * Vulnerability Rules for C# 8.1.0.675 (securitycsharpfrontend)
19:33:55.786 DEBUG:   * Vulnerability Rules for Java 8.2.0.1218 (securityjavafrontend)
19:33:55.786 DEBUG:   * License for SonarLint 7.9.2 (license)
19:33:55.786 DEBUG:   * SonarCOBOL 4.4.0.3403 (cobol)
19:33:55.786 DEBUG:   * Vulnerability Rules for Python 8.1.0.675 (securitypythonfrontend)
19:33:55.786 DEBUG:   * Git 1.11.1.2008 (scmgit)
19:33:55.786 DEBUG:   * SAML 2.0 Authentication for SonarQube 1.1.0.181 (authsaml)
19:33:55.786 DEBUG:   * SonarPHP 3.3.0.5166 (php)
19:33:55.786 DEBUG:   * SonarABAP 3.8.0.2034 (abap)
19:33:55.786 DEBUG:   * Vulnerability Rules for PHP 8.1.0.675 (securityphpfrontend)
19:33:55.858 INFO: Loaded core extensions: developer-scanner
19:33:55.887 DEBUG: Installed core extension: developer-scanner
19:33:56.992 INFO: Process project properties
19:33:57.013 DEBUG: Process project properties (done) | time=21ms
19:33:57.014 INFO: Execute project builders
19:33:57.014 DEBUG: Execute project builder: org.sonar.plugins.csharp.CSharpGlobalProtobufFileProcessor
19:33:57.017 DEBUG: Execute project builder: org.sonar.plugins.vbnet.VbNetGlobalProtobufFileProcessor
19:33:57.020 INFO: Execute project builders (done) | time=6ms
19:33:57.022 INFO: Project key: python
19:33:57.022 INFO: Base dir: /home/alex/code/pythoncoverage
19:33:57.022 INFO: Working dir: /home/alex/code/pythoncoverage/.scannerwork
19:33:57.022 DEBUG: Project global encoding: US-ASCII, default locale: en_US
19:33:57.023 DEBUG: Creating module hierarchy
19:33:57.023 DEBUG:   Init module 'python'
19:33:57.024 DEBUG:     Base dir: /home/alex/code/pythoncoverage
19:33:57.024 DEBUG:     Working dir: /home/alex/code/pythoncoverage/.scannerwork
19:33:57.024 DEBUG:     Module global encoding: US-ASCII, default locale: en_US
19:33:57.063 INFO: Load project settings for component key: 'python'
19:33:57.172 DEBUG: GET 200 http://localhost:9000/api/settings/values.protobuf?component=python | time=109ms
19:33:57.173 INFO: Load project settings for component key: 'python' (done) | time=110ms
19:33:57.364 INFO: Load project branches
19:33:58.016 DEBUG: GET 200 http://localhost:9000/api/project_branches/list?project=python | time=652ms
19:33:58.027 INFO: Load project branches (done) | time=663ms
19:33:58.028 INFO: Load project pull requests
19:33:58.064 DEBUG: GET 200 http://localhost:9000/api/project_pull_requests/list?project=python | time=35ms
19:33:58.066 INFO: Load project pull requests (done) | time=38ms
19:33:58.066 INFO: Load branch configuration
19:33:58.067 INFO: Load branch configuration (done) | time=1ms
19:33:58.217 DEBUG: Available languages:
19:33:58.217 DEBUG:   * CSS => "css"
19:33:58.218 DEBUG:   * PL/SQL => "plsql"
19:33:58.218 DEBUG:   * Scala => "scala"
19:33:58.218 DEBUG:   * C# => "cs"
19:33:58.218 DEBUG:   * Java => "java"
19:33:58.218 DEBUG:   * HTML => "web"
19:33:58.218 DEBUG:   * JSP => "jsp"
19:33:58.218 DEBUG:   * Flex => "flex"
19:33:58.218 DEBUG:   * XML => "xml"
19:33:58.218 DEBUG:   * VB.NET => "vbnet"
19:33:58.218 DEBUG:   * Swift => "swift"
19:33:58.218 DEBUG:   * C => "c"
19:33:58.219 DEBUG:   * C++ => "cpp"
19:33:58.219 DEBUG:   * Objective-C => "objc"
19:33:58.219 DEBUG:   * Python => "py"
19:33:58.219 DEBUG:   * Go => "go"
19:33:58.219 DEBUG:   * Kotlin => "kotlin"
19:33:58.219 DEBUG:   * RPG => "rpg"
19:33:58.219 DEBUG:   * PL/I => "pli"
19:33:58.219 DEBUG:   * T-SQL => "tsql"
19:33:58.219 DEBUG:   * Vb => "vb"
19:33:58.219 DEBUG:   * Apex => "apex"
19:33:58.219 DEBUG:   * JavaScript => "js"
19:33:58.220 DEBUG:   * TypeScript => "ts"
19:33:58.220 DEBUG:   * Ruby => "ruby"
19:33:58.220 DEBUG:   * COBOL => "cobol"
19:33:58.220 DEBUG:   * PHP => "php"
19:33:58.220 DEBUG:   * ABAP => "abap"
19:33:58.223 INFO: Load quality profiles
19:33:58.358 DEBUG: GET 200 http://localhost:9000/api/qualityprofiles/search.protobuf?projectKey=python | time=135ms
19:33:58.414 INFO: Load quality profiles (done) | time=191ms
19:33:58.432 INFO: Load active rules
19:33:59.117 DEBUG: GET 200 http://localhost:9000/api/rules/search.protobuf?f=repo,name,severity,lang,internalKey,templateKey,params,actives,createdAt,updatedAt&activation=true&qprofile=AXG6pnpS1mcWinkAcc-B&ps=500&p=1 | time=684ms
19:33:59.432 DEBUG: GET 200 http://localhost:9000/api/rules/search.protobuf?f=repo,name,severity,lang,internalKey,templateKey,params,actives,createdAt,updatedAt&activation=true&qprofile=AXG6pnsJ1mcWinkAcc-3&ps=500&p=1 | time=102ms
19:33:59.472 DEBUG: GET 200 http://localhost:9000/api/rules/search.protobuf?f=repo,name,severity,lang,internalKey,templateKey,params,actives,createdAt,updatedAt&activation=true&qprofile=AXG6pnut1mcWinkAcc_W&ps=500&p=1 | time=37ms
19:33:59.626 DEBUG: GET 200 http://localhost:9000/api/rules/search.protobuf?f=repo,name,severity,lang,internalKey,templateKey,params,actives,createdAt,updatedAt&activation=true&qprofile=AXBYk8ZNTuYebd_wMnYx&ps=500&p=1 | time=154ms
19:33:59.830 DEBUG: GET 200 http://localhost:9000/api/rules/search.protobuf?f=repo,name,severity,lang,internalKey,templateKey,params,actives,createdAt,updatedAt&activation=true&qprofile=AXBYk8b4TuYebd_wMnaV&ps=500&p=1 | time=152ms
19:33:59.944 DEBUG: GET 200 http://localhost:9000/api/rules/search.protobuf?f=repo,name,severity,lang,internalKey,templateKey,params,actives,createdAt,updatedAt&activation=true&qprofile=AXG6pnz-1mcWinkAcdBC&ps=500&p=1 | time=83ms
19:34:00.067 DEBUG: GET 200 http://localhost:9000/api/rules/search.protobuf?f=repo,name,severity,lang,internalKey,templateKey,params,actives,createdAt,updatedAt&activation=true&qprofile=AXBYk8nGTuYebd_wMnf0&ps=500&p=1 | time=119ms
19:34:00.357 DEBUG: GET 200 http://localhost:9000/api/rules/search.protobuf?f=repo,name,severity,lang,internalKey,templateKey,params,actives,createdAt,updatedAt&activation=true&qprofile=AXI9-kNdrB-JOFIK4Ocl&ps=500&p=1 | time=248ms
19:34:00.514 DEBUG: GET 200 http://localhost:9000/api/rules/search.protobuf?f=repo,name,severity,lang,internalKey,templateKey,params,actives,createdAt,updatedAt&activation=true&qprofile=AXG6pn9h1mcWinkAcdFe&ps=500&p=1 | time=83ms
19:34:00.596 DEBUG: GET 200 http://localhost:9000/api/rules/search.protobuf?f=repo,name,severity,lang,internalKey,templateKey,params,actives,createdAt,updatedAt&activation=true&qprofile=AXBYk9KeTuYebd_wMn0N&ps=500&p=1 | time=81ms
19:34:00.659 DEBUG: GET 200 http://localhost:9000/api/rules/search.protobuf?f=repo,name,severity,lang,internalKey,templateKey,params,actives,createdAt,updatedAt&activation=true&qprofile=AXBYk9MhTuYebd_wMn1M&ps=500&p=1 | time=56ms
19:34:00.752 DEBUG: GET 200 http://localhost:9000/api/rules/search.protobuf?f=repo,name,severity,lang,internalKey,templateKey,params,actives,createdAt,updatedAt&activation=true&qprofile=AXBYk9UpTuYebd_wMn5q&ps=500&p=1 | time=93ms
19:34:00.854 DEBUG: GET 200 http://localhost:9000/api/rules/search.protobuf?f=repo,name,severity,lang,internalKey,templateKey,params,actives,createdAt,updatedAt&activation=true&qprofile=AXBYk9b6TuYebd_wMn98&ps=500&p=1 | time=98ms
19:34:01.067 DEBUG: GET 200 http://localhost:9000/api/rules/search.protobuf?f=repo,name,severity,lang,internalKey,templateKey,params,actives,createdAt,updatedAt&activation=true&qprofile=AXMovCBdAhe7fLefMHr8&ps=500&p=1 | time=207ms
19:34:01.201 DEBUG: GET 200 http://localhost:9000/api/rules/search.protobuf?f=repo,name,severity,lang,internalKey,templateKey,params,actives,createdAt,updatedAt&activation=true&qprofile=AXBYk8ORTuYebd_wMnQs&ps=500&p=1 | time=106ms
19:34:01.296 DEBUG: GET 200 http://localhost:9000/api/rules/search.protobuf?f=repo,name,severity,lang,internalKey,templateKey,params,actives,createdAt,updatedAt&activation=true&qprofile=AXG6poMT1mcWinkAcdI7&ps=500&p=1 | time=75ms
19:34:01.375 DEBUG: GET 200 http://localhost:9000/api/rules/search.protobuf?f=repo,name,severity,lang,internalKey,templateKey,params,actives,createdAt,updatedAt&activation=true&qprofile=AXG6poJO1mcWinkAcdH9&ps=500&p=1 | time=78ms
19:34:01.434 DEBUG: GET 200 http://localhost:9000/api/rules/search.protobuf?f=repo,name,severity,lang,internalKey,templateKey,params,actives,createdAt,updatedAt&activation=true&qprofile=AXBYk8SrTuYebd_wMnTo&ps=500&p=1 | time=58ms
19:34:01.488 DEBUG: GET 200 http://localhost:9000/api/rules/search.protobuf?f=repo,name,severity,lang,internalKey,templateKey,params,actives,createdAt,updatedAt&activation=true&qprofile=AXBYk8d1TuYebd_wMnbF&ps=500&p=1 | time=53ms
19:34:01.553 DEBUG: GET 200 http://localhost:9000/api/rules/search.protobuf?f=repo,name,severity,lang,internalKey,templateKey,params,actives,createdAt,updatedAt&activation=true&qprofile=AXBYk8h4TuYebd_wMnc5&ps=500&p=1 | time=54ms
19:34:01.626 DEBUG: GET 200 http://localhost:9000/api/rules/search.protobuf?f=repo,name,severity,lang,internalKey,templateKey,params,actives,createdAt,updatedAt&activation=true&qprofile=AXBYk8fyTuYebd_wMnbr&ps=500&p=1 | time=70ms
19:34:01.672 DEBUG: GET 200 http://localhost:9000/api/rules/search.protobuf?f=repo,name,severity,lang,internalKey,templateKey,params,actives,createdAt,updatedAt&activation=true&qprofile=AXG6poSt1mcWinkAcdJ8&ps=500&p=1 | time=34ms
19:34:01.774 DEBUG: GET 200 http://localhost:9000/api/rules/search.protobuf?f=repo,name,severity,lang,internalKey,templateKey,params,actives,createdAt,updatedAt&activation=true&qprofile=AXBYk8w3TuYebd_wMnkz&ps=500&p=1 | time=101ms
19:34:01.857 DEBUG: GET 200 http://localhost:9000/api/rules/search.protobuf?f=repo,name,severity,lang,internalKey,templateKey,params,actives,createdAt,updatedAt&activation=true&qprofile=AXHzi2cLg-ZxP-W3Pu9P&ps=500&p=1 | time=62ms
19:34:01.929 DEBUG: GET 200 http://localhost:9000/api/rules/search.protobuf?f=repo,name,severity,lang,internalKey,templateKey,params,actives,createdAt,updatedAt&activation=true&qprofile=AXBYk9N4TuYebd_wMn2K&ps=500&p=1 | time=66ms
19:34:02.004 DEBUG: GET 200 http://localhost:9000/api/rules/search.protobuf?f=repo,name,severity,lang,internalKey,templateKey,params,actives,createdAt,updatedAt&activation=true&qprofile=AXBYk9YYTuYebd_wMn78&ps=500&p=1 | time=65ms
19:34:02.111 DEBUG: GET 200 http://localhost:9000/api/rules/search.protobuf?f=repo,name,severity,lang,internalKey,templateKey,params,actives,createdAt,updatedAt&activation=true&qprofile=AXBYk9i1TuYebd_wMoBQ&ps=500&p=1 | time=104ms
19:34:02.180 DEBUG: GET 200 http://localhost:9000/api/rules/search.protobuf?f=repo,name,severity,lang,internalKey,templateKey,params,actives,createdAt,updatedAt&activation=true&qprofile=AXBYk9pdTuYebd_wMoEJ&ps=500&p=1 | time=63ms
19:34:02.234 INFO: Load active rules (done) | time=3797ms
19:34:02.392 DEBUG: Declared extensions of language CSS were converted to sonar.lang.patterns.css : **/*.css,**/*.less,**/*.scss
19:34:02.392 DEBUG: Declared extensions of language PL/SQL were converted to sonar.lang.patterns.plsql : **/*.sql,**/*.pks,**/*.pkb
19:34:02.393 DEBUG: Declared extensions of language Scala were converted to sonar.lang.patterns.scala : **/*.scala
19:34:02.393 DEBUG: Declared extensions of language C# were converted to sonar.lang.patterns.cs : **/*.cs,**/*.csproj
19:34:02.393 DEBUG: Declared extensions of language Java were converted to sonar.lang.patterns.java : **/*.java,**/*.jav
19:34:02.393 DEBUG: Declared extensions of language HTML were converted to sonar.lang.patterns.web : **/*.html,**/*.xhtml,**/*.cshtml,**/*.vbhtml,**/*.aspx,**/*.ascx,**/*.rhtml,**/*.erb,**/*.shtm,**/*.shtml
19:34:02.394 DEBUG: Declared extensions of language JSP were converted to sonar.lang.patterns.jsp : **/*.jsp,**/*.jspf,**/*.jspx
19:34:02.394 DEBUG: Declared extensions of language Flex were converted to sonar.lang.patterns.flex : **/*.as
19:34:02.395 DEBUG: Declared extensions of language XML were converted to sonar.lang.patterns.xml : **/*.xml,**/*.xsd,**/*.xsl
19:34:02.396 DEBUG: Declared extensions of language VB.NET were converted to sonar.lang.patterns.vbnet : **/*.vb
19:34:02.396 DEBUG: Declared extensions of language Swift were converted to sonar.lang.patterns.swift : **/*.swift
19:34:02.396 DEBUG: Declared extensions of language C were converted to sonar.lang.patterns.c : **/*.c,**/*.h
19:34:02.396 DEBUG: Declared extensions of language C++ were converted to sonar.lang.patterns.cpp : **/*.cc,**/*.cpp,**/*.cxx,**/*.c++,**/*.hh,**/*.hpp,**/*.hxx,**/*.h++,**/*.ipp
19:34:02.397 DEBUG: Declared extensions of language Objective-C were converted to sonar.lang.patterns.objc : **/*.m
19:34:02.397 DEBUG: Declared extensions of language Python were converted to sonar.lang.patterns.py : **/*.py
19:34:02.397 DEBUG: Declared extensions of language Go were converted to sonar.lang.patterns.go : **/*.go
19:34:02.397 DEBUG: Declared extensions of language Kotlin were converted to sonar.lang.patterns.kotlin : **/*.kt
19:34:02.397 DEBUG: Declared extensions of language RPG were converted to sonar.lang.patterns.rpg : **/*.rpg,**/*.rpgle,**/*.rpg,**/*.rpgle
19:34:02.398 DEBUG: Declared extensions of language PL/I were converted to sonar.lang.patterns.pli : **/*.pli
19:34:02.398 DEBUG: Declared extensions of language T-SQL were converted to sonar.lang.patterns.tsql : **/*.tsql
19:34:02.398 DEBUG: Declared extensions of language Vb were converted to sonar.lang.patterns.vb : **/*.vb,**/*.bas,**/*.frm,**/*.ctl,**/*.vb,**/*.bas,**/*.frm,**/*.ctl
19:34:02.399 DEBUG: Declared extensions of language Apex were converted to sonar.lang.patterns.apex : **/*.cls,**/*.trigger
19:34:02.400 DEBUG: Declared extensions of language JavaScript were converted to sonar.lang.patterns.js : **/*.js,**/*.jsx,**/*.vue
19:34:02.401 DEBUG: Declared extensions of language TypeScript were converted to sonar.lang.patterns.ts : **/*.ts,**/*.tsx
19:34:02.401 DEBUG: Declared extensions of language Ruby were converted to sonar.lang.patterns.ruby : **/*.rb
19:34:02.401 DEBUG: Declared extensions of language COBOL were converted to sonar.lang.patterns.cobol : **/*.cblle
19:34:02.401 DEBUG: Declared extensions of language PHP were converted to sonar.lang.patterns.php : **/*.php,**/*.php3,**/*.php4,**/*.php5,**/*.phtml,**/*.inc
19:34:02.401 DEBUG: Declared extensions of language ABAP were converted to sonar.lang.patterns.abap : **/*.abap,**/*.ab4,**/*.flow,**/*.asprog
19:34:02.402 DEBUG: Will ignore generated code
19:34:02.403 DEBUG: Will ignore generated code
19:34:02.418 INFO: Indexing files...
19:34:02.419 INFO: Project configuration:
19:34:02.420 INFO:   Excluded sources: **/test/*
19:34:02.420 INFO:   Included tests: **/test/*
19:34:02.455 DEBUG: file=/home/alex/code/pythoncoverage/.git/config, create new FileSnapshot: lastRead=2020-07-23 19:34:02.453000000, lastModified=2020-01-28 15:03:17.000000000, size=92, fileKey=(dev=fe04,ino=1309501)
19:34:02.460 DEBUG: file=null, size changed from -1 to 154 bytes
19:34:02.461 DEBUG: loading config FileBasedConfig[/home/alex/.config/jgit/config]
19:34:02.464 DEBUG: file=/home/alex/.config/jgit/config, create new FileSnapshot: lastRead=2020-07-23 19:34:02.461000000, lastModified=2020-05-18 14:42:44.000000000, size=154, fileKey=(dev=fe04,ino=1179918)
19:34:02.465 DEBUG: readpipe [git, --version],/usr/bin
19:34:02.489 DEBUG: readpipe may return 'git version 2.20.1'
19:34:02.489 DEBUG: remaining output:

19:34:02.490 DEBUG: readpipe [git, config, --system, --edit],/usr/bin
19:34:02.507 DEBUG: readpipe may return '/etc/gitconfig'
19:34:02.507 DEBUG: remaining output:

19:34:02.508 DEBUG: file=/home/alex/.config/jgit/config, isRacyClean=false, read=2020-07-23 19:34:02.461000000, lastModified=2020-05-18 14:42:44.000000000, delta=5719878461000000 ns, racy<=2500000000 ns
19:34:02.509 DEBUG: file=/home/alex/.config/jgit/config, is unmodified
19:34:02.509 DEBUG: file=null, size changed from -1 to 0 bytes
19:34:02.509 DEBUG: loading config FileBasedConfig[/etc/gitconfig]
19:34:02.509 DEBUG: file=/home/alex/.config/jgit/config, isRacyClean=false, read=2020-07-23 19:34:02.461000000, lastModified=2020-05-18 14:42:44.000000000, delta=5719878461000000 ns, racy<=2500000000 ns
19:34:02.509 DEBUG: file=/home/alex/.config/jgit/config, is unmodified
19:34:02.509 DEBUG: file=/etc/gitconfig, isRacyClean=false, read=2020-07-23 19:34:02.509000000, lastModified=1970-01-01 01:00:00.000000000, delta=1595525642509000000 ns, racy<=2500000000 ns
19:34:02.509 DEBUG: file=/etc/gitconfig, is unmodified
19:34:02.509 DEBUG: file=null, size changed from -1 to 63 bytes
19:34:02.509 DEBUG: loading config FileBasedConfig[/home/alex/.gitconfig]
19:34:02.510 DEBUG: file=/home/alex/.gitconfig, create new FileSnapshot: lastRead=2020-07-23 19:34:02.510000000, lastModified=2020-05-25 12:26:25.000000000, size=63, fileKey=(dev=fe04,ino=1050705)
19:34:02.510 DEBUG: file=/home/alex/code/pythoncoverage/.git/config, create new FileSnapshot: lastRead=2020-07-23 19:34:02.510000000, lastModified=2020-01-28 15:03:17.000000000, size=92, fileKey=(dev=fe04,ino=1309501)
19:34:02.517 DEBUG: file=/home/alex/.config/jgit/config, isRacyClean=false, read=2020-07-23 19:34:02.461000000, lastModified=2020-05-18 14:42:44.000000000, delta=5719878461000000 ns, racy<=2500000000 ns
19:34:02.517 DEBUG: file=/home/alex/.config/jgit/config, is unmodified
19:34:02.517 DEBUG: file=/etc/gitconfig, isRacyClean=false, read=2020-07-23 19:34:02.509000000, lastModified=1970-01-01 01:00:00.000000000, delta=1595525642509000000 ns, racy<=2500000000 ns
19:34:02.517 DEBUG: file=/etc/gitconfig, is unmodified
19:34:02.517 DEBUG: file=/home/alex/.gitconfig, isRacyClean=false, read=2020-07-23 19:34:02.510000000, lastModified=2020-05-25 12:26:25.000000000, delta=5123257510000000 ns, racy<=2500000000 ns
19:34:02.517 DEBUG: file=/home/alex/.gitconfig, is unmodified
19:34:02.517 DEBUG: file=/home/alex/code/pythoncoverage/.git/config, isRacyClean=false, read=2020-07-23 19:34:02.510000000, lastModified=2020-01-28 15:03:17.000000000, delta=15305445510000000 ns, racy<=2500000000 ns
19:34:02.517 DEBUG: file=/home/alex/code/pythoncoverage/.git/config, is unmodified
19:34:02.577 DEBUG: file=/home/alex/.config/jgit/config, isRacyClean=false, read=2020-07-23 19:34:02.461000000, lastModified=2020-05-18 14:42:44.000000000, delta=5719878461000000 ns, racy<=2500000000 ns
19:34:02.578 DEBUG: file=/home/alex/.config/jgit/config, is unmodified
19:34:02.578 DEBUG: file=/etc/gitconfig, isRacyClean=false, read=2020-07-23 19:34:02.509000000, lastModified=1970-01-01 01:00:00.000000000, delta=1595525642509000000 ns, racy<=2500000000 ns
19:34:02.578 DEBUG: file=/etc/gitconfig, is unmodified
19:34:02.578 DEBUG: file=/home/alex/.gitconfig, isRacyClean=false, read=2020-07-23 19:34:02.510000000, lastModified=2020-05-25 12:26:25.000000000, delta=5123257510000000 ns, racy<=2500000000 ns
19:34:02.578 DEBUG: file=/home/alex/.gitconfig, is unmodified
19:34:02.579 DEBUG: file=/home/alex/code/pythoncoverage/.git/index, create new FileSnapshot: lastRead=2020-07-23 19:34:02.562000000, lastModified=2020-07-01 10:02:47.000000000, size=3126, fileKey=(dev=fe04,ino=1309398)
19:34:02.591 DEBUG: file=/home/alex/.config/jgit/config, isRacyClean=false, read=2020-07-23 19:34:02.461000000, lastModified=2020-05-18 14:42:44.000000000, delta=5719878461000000 ns, racy<=2500000000 ns
19:34:02.591 DEBUG: file=/home/alex/.config/jgit/config, is unmodified
19:34:02.592 DEBUG: file=/etc/gitconfig, isRacyClean=false, read=2020-07-23 19:34:02.509000000, lastModified=1970-01-01 01:00:00.000000000, delta=1595525642509000000 ns, racy<=2500000000 ns
19:34:02.592 DEBUG: file=/etc/gitconfig, is unmodified
19:34:02.592 DEBUG: file=/home/alex/.gitconfig, isRacyClean=false, read=2020-07-23 19:34:02.510000000, lastModified=2020-05-25 12:26:25.000000000, delta=5123257510000000 ns, racy<=2500000000 ns
19:34:02.592 DEBUG: file=/home/alex/.gitconfig, is unmodified
19:34:02.593 DEBUG: file=/home/alex/.config/jgit/config, isRacyClean=false, read=2020-07-23 19:34:02.461000000, lastModified=2020-05-18 14:42:44.000000000, delta=5719878461000000 ns, racy<=2500000000 ns
19:34:02.593 DEBUG: file=/home/alex/.config/jgit/config, is unmodified
19:34:02.599 DEBUG: file=/etc/gitconfig, isRacyClean=false, read=2020-07-23 19:34:02.509000000, lastModified=1970-01-01 01:00:00.000000000, delta=1595525642509000000 ns, racy<=2500000000 ns
19:34:02.599 DEBUG: file=/etc/gitconfig, is unmodified
19:34:02.599 DEBUG: file=/home/alex/.gitconfig, isRacyClean=false, read=2020-07-23 19:34:02.510000000, lastModified=2020-05-25 12:26:25.000000000, delta=5123257510000000 ns, racy<=2500000000 ns
19:34:02.599 DEBUG: file=/home/alex/.gitconfig, is unmodified
19:34:02.603 DEBUG: file=/home/alex/.config/jgit/config, isRacyClean=false, read=2020-07-23 19:34:02.461000000, lastModified=2020-05-18 14:42:44.000000000, delta=5719878461000000 ns, racy<=2500000000 ns
19:34:02.605 DEBUG: file=/home/alex/.config/jgit/config, is unmodified
19:34:02.609 DEBUG: file=/etc/gitconfig, isRacyClean=false, read=2020-07-23 19:34:02.509000000, lastModified=1970-01-01 01:00:00.000000000, delta=1595525642509000000 ns, racy<=2500000000 ns
19:34:02.610 DEBUG: file=/etc/gitconfig, is unmodified
19:34:02.610 DEBUG: file=/home/alex/.gitconfig, isRacyClean=false, read=2020-07-23 19:34:02.510000000, lastModified=2020-05-25 12:26:25.000000000, delta=5123257510000000 ns, racy<=2500000000 ns
19:34:02.610 DEBUG: file=/home/alex/.gitconfig, is unmodified
19:34:02.610 DEBUG: file=/home/alex/code/pythoncoverage/.git/config, isRacyClean=false, read=2020-07-23 19:34:02.510000000, lastModified=2020-01-28 15:03:17.000000000, delta=15305445510000000 ns, racy<=2500000000 ns
19:34:02.610 DEBUG: file=/home/alex/code/pythoncoverage/.git/config, is unmodified
19:34:02.613 DEBUG: file=/home/alex/.config/jgit/config, isRacyClean=false, read=2020-07-23 19:34:02.461000000, lastModified=2020-05-18 14:42:44.000000000, delta=5719878461000000 ns, racy<=2500000000 ns
19:34:02.613 DEBUG: file=/home/alex/.config/jgit/config, is unmodified
19:34:02.613 DEBUG: file=/etc/gitconfig, isRacyClean=false, read=2020-07-23 19:34:02.509000000, lastModified=1970-01-01 01:00:00.000000000, delta=1595525642509000000 ns, racy<=2500000000 ns
19:34:02.613 DEBUG: file=/etc/gitconfig, is unmodified
19:34:02.613 DEBUG: file=/home/alex/.gitconfig, isRacyClean=false, read=2020-07-23 19:34:02.510000000, lastModified=2020-05-25 12:26:25.000000000, delta=5123257510000000 ns, racy<=2500000000 ns
19:34:02.613 DEBUG: file=/home/alex/.gitconfig, is unmodified
19:34:02.613 DEBUG: file=/home/alex/code/pythoncoverage/.git/config, isRacyClean=false, read=2020-07-23 19:34:02.510000000, lastModified=2020-01-28 15:03:17.000000000, delta=15305445510000000 ns, racy<=2500000000 ns
19:34:02.613 DEBUG: file=/home/alex/code/pythoncoverage/.git/config, is unmodified
19:34:02.637 DEBUG: file=/home/alex/.config/jgit/config, isRacyClean=false, read=2020-07-23 19:34:02.461000000, lastModified=2020-05-18 14:42:44.000000000, delta=5719878461000000 ns, racy<=2500000000 ns
19:34:02.638 DEBUG: file=/home/alex/.config/jgit/config, is unmodified
19:34:02.638 DEBUG: file=/etc/gitconfig, isRacyClean=false, read=2020-07-23 19:34:02.509000000, lastModified=1970-01-01 01:00:00.000000000, delta=1595525642509000000 ns, racy<=2500000000 ns
19:34:02.638 DEBUG: file=/etc/gitconfig, is unmodified
19:34:02.638 DEBUG: file=/home/alex/.gitconfig, isRacyClean=false, read=2020-07-23 19:34:02.510000000, lastModified=2020-05-25 12:26:25.000000000, delta=5123257510000000 ns, racy<=2500000000 ns
19:34:02.638 DEBUG: file=/home/alex/.gitconfig, is unmodified
19:34:02.638 DEBUG: file=/home/alex/code/pythoncoverage/.git/config, isRacyClean=false, read=2020-07-23 19:34:02.510000000, lastModified=2020-01-28 15:03:17.000000000, delta=15305445510000000 ns, racy<=2500000000 ns
19:34:02.638 DEBUG: file=/home/alex/code/pythoncoverage/.git/config, is unmodified
19:34:02.640 DEBUG: file=/home/alex/.config/jgit/config, isRacyClean=false, read=2020-07-23 19:34:02.461000000, lastModified=2020-05-18 14:42:44.000000000, delta=5719878461000000 ns, racy<=2500000000 ns
19:34:02.640 DEBUG: file=/home/alex/.config/jgit/config, is unmodified
19:34:02.640 DEBUG: file=/etc/gitconfig, isRacyClean=false, read=2020-07-23 19:34:02.509000000, lastModified=1970-01-01 01:00:00.000000000, delta=1595525642509000000 ns, racy<=2500000000 ns
19:34:02.640 DEBUG: file=/etc/gitconfig, is unmodified
19:34:02.649 DEBUG: file=/home/alex/.gitconfig, isRacyClean=false, read=2020-07-23 19:34:02.510000000, lastModified=2020-05-25 12:26:25.000000000, delta=5123257510000000 ns, racy<=2500000000 ns
19:34:02.649 DEBUG: file=/home/alex/.gitconfig, is unmodified
19:34:02.649 DEBUG: file=/home/alex/code/pythoncoverage/.git/config, isRacyClean=false, read=2020-07-23 19:34:02.510000000, lastModified=2020-01-28 15:03:17.000000000, delta=15305445510000000 ns, racy<=2500000000 ns
19:34:02.649 DEBUG: file=/home/alex/code/pythoncoverage/.git/config, is unmodified
19:34:02.689 DEBUG: 41 non excluded files in this Git repository
19:34:02.711 DEBUG: '__init__.py' indexed with language 'py'
19:34:02.721 DEBUG: 'coverage.xml' indexed with language 'xml'
19:34:02.721 DEBUG: 'analysis' indexed with language 'null'
19:34:02.722 DEBUG: '__init__.pyc' indexed with language 'null'
19:34:02.723 DEBUG: 'analysis.log' indexed with language 'null'
19:34:02.724 DEBUG: 'module1/filetoexcl.py' indexed with language 'py'
19:34:02.725 DEBUG: 'module1/main.py' indexed with language 'py'
19:34:02.726 DEBUG: 'module1/newmain.py' indexed with language 'py'
19:34:02.727 DEBUG: 'module1/file.txt' indexed with language 'null'
19:34:02.728 DEBUG: 'module1/submod/file.py' indexed with language 'py'
19:34:02.743 DEBUG: 'module1/fileexcludemod1o.py' indexed with language 'py'
19:34:02.746 DEBUG: 'logs.log' indexed with language 'null'
19:34:02.747 DEBUG: 'testreports/pytest-report.xml' indexed with language 'xml'
19:34:02.748 DEBUG: 'src/__init__.py' indexed with language 'py'
19:34:02.748 DEBUG: 'src/__init__.pyc' indexed with language 'null'
19:34:02.759 DEBUG: 'src/main.py' indexed with language 'py'
19:34:02.761 DEBUG: 'src/test.sql' indexed with language 'plsql'
19:34:02.762 DEBUG: 'src/newfile.py' indexed with language 'py'
19:34:02.763 DEBUG: 'src/newfile.pyc' indexed with language 'null'
19:34:02.764 DEBUG: 'src/main.pyc' indexed with language 'null'
19:34:02.765 DEBUG: 'src/second.py' indexed with language 'py'
19:34:02.765 DEBUG: 'src/Connector.py' indexed with language 'py'
19:34:02.766 DEBUG: 'module2/filetoexcl.py' indexed with language 'py'
19:34:02.766 DEBUG: 'module2/main.py' indexed with language 'py'
19:34:02.770 DEBUG: 'module2/newmain.py' indexed with language 'py'
19:34:02.770 DEBUG: 'module2/file.txt' indexed with language 'null'
19:34:02.771 DEBUG: 'short-1.txt' indexed with language 'null'
19:34:02.771 DEBUG: 'short-2.txt' indexed with language 'null'
19:34:02.772 DEBUG: 'log.log' indexed with language 'null'
19:34:02.772 DEBUG: 'pytest-report.xml' indexed with language 'xml'
19:34:02.772 DEBUG: 'log-2.log' indexed with language 'null'
19:34:02.773 DEBUG: 'README.md' indexed with language 'null'
19:34:02.773 DEBUG: 'sonar-project.properties' indexed with language 'null'
19:34:02.779 INFO: 33 files indexed
19:34:02.779 INFO: 0 files ignored because of inclusion/exclusion patterns
19:34:02.779 INFO: 0 files ignored because of scm ignore settings
19:34:02.780 INFO: Quality profile for plsql: Sonar way
19:34:02.780 INFO: Quality profile for py: Sonar way
19:34:02.780 INFO: Quality profile for xml: Sonar way
19:34:02.780 INFO: ------------- Run sensors on module python
19:34:03.081 INFO: Load metrics repository
19:34:03.128 DEBUG: GET 200 http://localhost:9000/api/metrics/search?f=name,description,direction,qualitative,custom&ps=500&p=1 | time=47ms
19:34:03.148 INFO: Load metrics repository (done) | time=67ms
19:34:08.335 DEBUG: 'JavaSquidSensor' skipped because there is no related file in current project
19:34:08.337 DEBUG: 'CobolSquidSensor' skipped because there is no related file in current project
19:34:08.338 DEBUG: 'Import external issues report' skipped because one of the required properties is missing
19:34:08.338 DEBUG: 'SonarCSS Metrics' skipped because there is no related file in current project
19:34:08.339 DEBUG: 'SonarCSS Rules' skipped because there is no related file in current project
19:34:08.340 DEBUG: 'Import of stylelint issues' skipped because there is no related file in current project
19:34:08.349 DEBUG: 'Scala Sensor' skipped because there is no related file in current project
19:34:08.350 DEBUG: 'Scoverage sensor for Scala coverage' skipped because one of the required properties is missing
19:34:08.353 DEBUG: 'Import of Scalastyle issues' skipped because there is no related file in current project
19:34:08.353 DEBUG: 'Import of Scapegoat issues' skipped because there is no related file in current project
19:34:08.353 DEBUG: 'C# Properties' skipped because there is no related file in current project
19:34:08.354 DEBUG: 'Import of Checkstyle issues' skipped because there is no related file in current project
19:34:08.355 DEBUG: 'Import of PMD issues' skipped because one of the required properties is missing
19:34:08.355 DEBUG: 'Import of SpotBugs issues' skipped because there is no related file in current project
19:34:08.355 DEBUG: 'SurefireSensor' skipped because there is no related file in current project
19:34:08.356 DEBUG: 'Removed properties sensor' skipped because there is no related file in current project
19:34:08.356 DEBUG: 'Flex' skipped because there is no related file in current project
19:34:08.356 DEBUG: 'Flex Cobertura' skipped because there is no related file in current project
19:34:08.356 DEBUG: 'SonarTS' skipped because there is no related file in current project
19:34:08.357 DEBUG: 'VB.NET Properties' skipped because there is no related file in current project
19:34:08.357 DEBUG: 'SonarSwift' skipped because there is no related file in current project
19:34:08.357 DEBUG: 'Import of SwiftLint issues' skipped because there is no related file in current project
19:34:08.358 DEBUG: 'gcov' skipped because there is no related file in current project
19:34:08.358 DEBUG: 'llvm-cov' skipped because there is no related file in current project
19:34:08.359 DEBUG: 'cppunit' skipped because there is no related file in current project
19:34:08.359 DEBUG: 'VisualStudioCoverage' skipped because there is no related file in current project
19:34:08.359 DEBUG: 'bullseye' skipped because there is no related file in current project
19:34:08.367 DEBUG: 'PylintSensor' skipped because there is no related rule activated in the quality profile
19:34:08.368 DEBUG: 'PylintImportSensor' skipped because there is no related rule activated in the quality profile
19:34:08.368 DEBUG: 'Import of Bandit issues' skipped because one of the required properties is missing
19:34:08.368 DEBUG: 'SonarGo' skipped because there is no related file in current project
19:34:08.369 DEBUG: 'Go Unit Test Report' skipped because there is no related file in current project
19:34:08.370 DEBUG: 'Import of go vet issues' skipped because there is no related file in current project
19:34:08.370 DEBUG: 'Import of Golint issues' skipped because there is no related file in current project
19:34:08.370 DEBUG: 'Import of GoMetaLinter issues' skipped because there is no related file in current project
19:34:08.370 DEBUG: 'Kotlin Sensor' skipped because there is no related file in current project
19:34:08.371 DEBUG: 'Import of detekt issues' skipped because there is no related file in current project
19:34:08.371 DEBUG: 'Import of Android Lint issues' skipped because one of the required properties is missing
19:34:08.371 DEBUG: 'RPG sensor' skipped because there is no related file in current project
19:34:08.371 DEBUG: 'PliSquidSensor' skipped because there is no related file in current project
19:34:08.371 DEBUG: 'T-SQL Sensor' skipped because there is no related file in current project
19:34:08.372 DEBUG: 'VbSquidSensor' skipped because there is no related file in current project
19:34:08.372 DEBUG: 'Apex Sensor' skipped because there is no related file in current project
19:34:08.372 DEBUG: 'Test coverage Sensor for Apex' skipped because there is no related file in current project
19:34:08.372 DEBUG: 'Import of PMD issues' skipped because one of the required properties is missing
19:34:08.372 DEBUG: 'JavaScript analysis' skipped because there is no related file in current project
19:34:08.373 DEBUG: 'SonarJS Coverage' skipped because there is no related file in current project
19:34:08.373 DEBUG: 'Import of ESLint issues' skipped because one of the required properties is missing
19:34:08.373 DEBUG: 'TypeScript analysis' skipped because there is no related file in current project
19:34:08.373 DEBUG: 'Import of TSLint issues' skipped because one of the required properties is missing
19:34:08.373 DEBUG: 'Ruby Sensor' skipped because there is no related file in current project
19:34:08.374 DEBUG: 'Import of RuboCop issues' skipped because one of the required properties is missing
19:34:08.374 DEBUG: 'SimpleCov Sensor for Ruby coverage' skipped because there is no related file in current project
19:34:08.375 DEBUG: 'PHP sensor' skipped because there is no related file in current project
19:34:08.375 DEBUG: 'Analyzer for "php.ini" files' skipped because there is no related file in current project
19:34:08.375 DEBUG: 'AbapSquidSensor' skipped because there is no related file in current project
19:34:08.387 DEBUG: 'Generic Coverage Report' skipped because one of the required properties is missing
19:34:08.387 DEBUG: 'Generic Test Executions Report' skipped because one of the required properties is missing
19:34:08.387 DEBUG: 'C#' skipped because there is no related file in current project
19:34:08.387 DEBUG: 'C# Tests Coverage Report Import' skipped because there is no related file in current project
19:34:08.388 DEBUG: '[Deprecated] C# Integration Tests Coverage Report Import' skipped because there is no related file in current project
19:34:08.388 DEBUG: 'C# Unit Test Results Import' skipped because there is no related file in current project
19:34:08.388 DEBUG: 'VB.NET' skipped because there is no related file in current project
19:34:08.388 DEBUG: 'VB.NET Tests Coverage Report Import' skipped because there is no related file in current project
19:34:08.388 DEBUG: '[Deprecated] VB.NET Integration Tests Coverage Report Import' skipped because there is no related file in current project
19:34:08.389 DEBUG: 'VB.NET Unit Test Results Import' skipped because there is no related file in current project
19:34:08.389 DEBUG: 'CFamily' skipped because there is no related file in current project
19:34:08.389 DEBUG: Sensors : PL/SQL Sensor -> JavaXmlSensor -> HTML -> XML Sensor -> Python Sensor -> Cobertura Sensor for Python coverage -> PythonXUnitSensor -> JaCoCo XML Report Importer -> ThymeLeaf template sensor -> JavaSecuritySensor -> CSharpSecuritySensor -> PhpSecuritySensor -> PythonSecuritySensor
19:34:08.393 INFO: Sensor PL/SQL Sensor [plsql]
19:34:08.530 INFO: 1 source files to be analyzed
19:34:08.548 INFO: Load project repositories
19:34:08.594 DEBUG: GET 200 http://localhost:9000/batch/project.protobuf?key=python | time=46ms
19:34:08.627 INFO: Load project repositories (done) | time=79ms
19:34:08.627 DEBUG: 'src/test.sql' generated metadata with charset 'US-ASCII'
19:34:08.686 DEBUG: Not enough content in 'src/test.sql' to have CPD blocks, it will not be part of the duplication detection
19:34:08.707 INFO: 1/1 source files have been analyzed
19:34:08.708 INFO: Sensor PL/SQL Sensor [plsql] (done) | time=316ms
19:34:08.708 INFO: Sensor JavaXmlSensor [java]
19:34:08.719 INFO: 3 source files to be analyzed
19:34:08.725 DEBUG: 'coverage.xml' generated metadata with charset 'US-ASCII'
19:34:09.011 DEBUG: 'pytest-report.xml' generated metadata with charset 'US-ASCII'
19:34:09.027 DEBUG: 'testreports/pytest-report.xml' generated metadata with charset 'US-ASCII'
19:34:09.042 INFO: 3/3 source files have been analyzed
19:34:09.043 INFO: Sensor JavaXmlSensor [java] (done) | time=335ms
19:34:09.043 INFO: Sensor HTML [web]
19:34:09.068 INFO: Sensor HTML [web] (done) | time=25ms
19:34:09.069 INFO: Sensor XML Sensor [xml]
19:34:09.070 INFO: 3 source files to be analyzed
19:34:09.327 DEBUG: Count lines in file:///home/alex/code/pythoncoverage/coverage.xml
19:34:09.414 DEBUG: Count lines in file:///home/alex/code/pythoncoverage/pytest-report.xml
19:34:09.438 DEBUG: Count lines in file:///home/alex/code/pythoncoverage/testreports/pytest-report.xml
19:34:09.445 INFO: 3/3 source files have been analyzed
19:34:09.445 INFO: Sensor XML Sensor [xml] (done) | time=376ms
19:34:09.445 INFO: Sensor Python Sensor [python]
19:34:10.577 INFO: Starting global symbols computation
19:34:10.578 INFO: 14 source files to be analyzed
19:34:10.580 DEBUG: '__init__.py' generated metadata with charset 'US-ASCII'
19:34:10.598 DEBUG: 'module1/fileexcludemod1o.py' generated metadata with charset 'US-ASCII'
19:34:10.611 DEBUG: 'module1/filetoexcl.py' generated metadata with charset 'US-ASCII'
19:34:10.613 DEBUG: 'module1/main.py' generated metadata with charset 'US-ASCII'
19:34:10.629 DEBUG: 'module1/newmain.py' generated metadata with charset 'US-ASCII'
19:34:10.638 DEBUG: 'module1/submod/file.py' generated metadata with charset 'US-ASCII'
19:34:10.641 DEBUG: 'module2/filetoexcl.py' generated metadata with charset 'US-ASCII'
19:34:10.643 DEBUG: 'module2/main.py' generated metadata with charset 'US-ASCII'
19:34:10.645 DEBUG: 'module2/newmain.py' generated metadata with charset 'US-ASCII'
19:34:10.666 DEBUG: 'src/Connector.py' generated metadata with charset 'US-ASCII'
19:34:10.671 DEBUG: 'src/__init__.py' generated metadata with charset 'US-ASCII'
19:34:10.675 DEBUG: 'src/main.py' generated metadata with charset 'US-ASCII'
19:34:10.698 DEBUG: 'src/newfile.py' generated metadata with charset 'US-ASCII'
19:34:10.711 DEBUG: 'src/second.py' generated metadata with charset 'US-ASCII'
19:34:10.719 INFO: 14/14 source files have been analyzed
19:34:10.719 INFO: Starting rules execution
19:34:10.719 INFO: 14 source files to be analyzed
19:34:10.736 DEBUG: Not enough content in '__init__.py' to have CPD blocks, it will not be part of the duplication detection
19:34:10.995 DEBUG: Not enough content in 'module1/fileexcludemod1o.py' to have CPD blocks, it will not be part of the duplication detection
19:34:11.073 DEBUG: Not enough content in 'module1/filetoexcl.py' to have CPD blocks, it will not be part of the duplication detection
19:34:11.088 DEBUG: Not enough content in 'module1/main.py' to have CPD blocks, it will not be part of the duplication detection
19:34:11.155 DEBUG: Not enough content in 'module1/newmain.py' to have CPD blocks, it will not be part of the duplication detection
19:34:11.161 DEBUG: Not enough content in 'module1/submod/file.py' to have CPD blocks, it will not be part of the duplication detection
19:34:11.180 DEBUG: Not enough content in 'module2/filetoexcl.py' to have CPD blocks, it will not be part of the duplication detection
19:34:11.199 DEBUG: Not enough content in 'module2/main.py' to have CPD blocks, it will not be part of the duplication detection
19:34:11.222 DEBUG: Not enough content in 'module2/newmain.py' to have CPD blocks, it will not be part of the duplication detection
19:34:11.233 DEBUG: Not enough content in 'src/Connector.py' to have CPD blocks, it will not be part of the duplication detection
19:34:11.288 DEBUG: Not enough content in 'src/__init__.py' to have CPD blocks, it will not be part of the duplication detection
19:34:11.424 DEBUG: Not enough content in 'src/newfile.py' to have CPD blocks, it will not be part of the duplication detection
19:34:11.496 INFO: 14/14 source files have been analyzed
19:34:11.496 INFO: Sensor Python Sensor [python] (done) | time=2051ms
19:34:11.496 INFO: Sensor Cobertura Sensor for Python coverage [python]
19:34:11.496 DEBUG: Using pattern 'coverage-reports/*coverage-*.xml' to find reports
19:34:11.521 DEBUG: No report was found for sonar.python.coverage.reportPaths using default pattern coverage-reports/*coverage-*.xml
19:34:11.522 INFO: Sensor Cobertura Sensor for Python coverage [python] (done) | time=26ms
19:34:11.522 INFO: Sensor PythonXUnitSensor [python]
19:34:11.522 DEBUG: Using pattern 'xunit-reports/xunit-result-*.xml' to find reports
19:34:11.525 DEBUG: No report was found for sonar.python.xunit.reportPath using default pattern xunit-reports/xunit-result-*.xml
19:34:11.525 INFO: Sensor PythonXUnitSensor [python] (done) | time=3ms
19:34:11.525 INFO: Sensor JaCoCo XML Report Importer [jacoco]
19:34:11.540 DEBUG: No reports found
19:34:11.540 INFO: Sensor JaCoCo XML Report Importer [jacoco] (done) | time=15ms
19:34:11.540 INFO: Sensor ThymeLeaf template sensor [securityjavafrontend]
19:34:11.540 INFO: javasecurity:S5131 is not activated in quality profile: skipping execution of thymeleaf sensor.
19:34:11.540 INFO: Sensor ThymeLeaf template sensor [securityjavafrontend] (done) | time=0ms
19:34:11.540 INFO: Sensor JavaSecuritySensor [security]
19:34:11.540 INFO: Reading type hierarchy from: /home/alex/code/pythoncoverage/.scannerwork/ucfg2/java
19:34:11.540 INFO: Read 0 type definitions
19:34:11.567 INFO: Reading UCFGs from: /home/alex/code/pythoncoverage/.scannerwork/ucfg2/java
19:34:11.568 INFO: No UCFGs have been included for analysis.
19:34:11.568 INFO: Sensor JavaSecuritySensor [security] (done) | time=28ms
19:34:11.568 INFO: Sensor CSharpSecuritySensor [security]
19:34:11.568 INFO: Reading type hierarchy from: /home/alex/code/pythoncoverage/ucfg_cs2
19:34:11.568 INFO: Read 0 type definitions
19:34:11.568 INFO: Reading UCFGs from: /home/alex/code/pythoncoverage/ucfg_cs2
19:34:11.568 INFO: No UCFGs have been included for analysis.
19:34:11.568 INFO: Sensor CSharpSecuritySensor [security] (done) | time=0ms
19:34:11.569 INFO: Sensor PhpSecuritySensor [security]
19:34:11.569 INFO: Reading type hierarchy from: /home/alex/code/pythoncoverage/.scannerwork/ucfg2/php
19:34:11.569 INFO: Read 0 type definitions
19:34:11.569 INFO: Reading UCFGs from: /home/alex/code/pythoncoverage/.scannerwork/ucfg2/php
19:34:11.569 INFO: No UCFGs have been included for analysis.
19:34:11.569 INFO: Sensor PhpSecuritySensor [security] (done) | time=0ms
19:34:11.569 INFO: Sensor PythonSecuritySensor [security]
19:34:11.569 INFO: Reading type hierarchy from: /home/alex/code/pythoncoverage/.scannerwork/ucfg2/python
19:34:11.641 INFO: Read 17 type definitions
19:34:11.642 INFO: Reading UCFGs from: /home/alex/code/pythoncoverage/.scannerwork/ucfg2/python
19:34:11.744 INFO: 19:34:11.743 Building Type propagation graph
19:34:11.753 INFO: 19:34:11.753 Running Tarjan on 51 nodes
19:34:11.755 INFO: 19:34:11.755 Tarjan found 51 components
19:34:11.757 INFO: 19:34:11.757 Variable type analysis: done
19:34:11.758 INFO: 19:34:11.758 Building Type propagation graph
19:34:11.764 INFO: 19:34:11.764 Running Tarjan on 51 nodes
19:34:11.764 INFO: 19:34:11.764 Tarjan found 51 components
19:34:11.766 INFO: 19:34:11.766 Variable type analysis: done
19:34:11.766 INFO: Analyzing 60 ucfgs to detect vulnerabilities.
19:34:12.079 DEBUG: Resource file pythonsecurity/sources/S3649.json was not read
19:34:12.080 DEBUG: loaded 9 sources for rule S3649
19:34:12.092 DEBUG: Resource file pythonsecurity/sinks/common.json was not read
19:34:12.096 DEBUG: loaded 18 sinks for rule S3649
19:34:12.103 INFO: All rules entrypoints : 0 Retained UCFGs : 0
19:34:12.104 INFO: rule: S3649, entrypoints: 0
19:34:12.104 DEBUG: Running rule pythonsecurity:S3649
19:34:12.122 DEBUG: Resource file pythonsecurity/sanitizers/S3649.json was not read
19:34:12.122 DEBUG: loaded 21 sanitizers for rule S3649
19:34:12.127 DEBUG: Resource file pythonsecurity/passthroughs/S3649.json was not read
19:34:12.127 DEBUG: loaded 36 passthroughs for rule S3649
19:34:12.132 INFO: Visited 0 ucfgs in 0 ms, 0 steps
19:34:12.132 INFO: rule: S3649 done
19:34:12.132 INFO: Sensor PythonSecuritySensor [security] (done) | time=563ms
19:34:12.133 INFO: ------------- Run sensors on project
19:34:12.135 DEBUG: 'Java CPD Block Indexer' skipped because there is no related file in current project
19:34:12.135 DEBUG: Sensors : Zero Coverage Sensor
19:34:12.136 INFO: Sensor Zero Coverage Sensor
19:34:12.158 INFO: Sensor Zero Coverage Sensor (done) | time=22ms
19:34:12.175 INFO: SCM provider for this project is: git
19:34:12.175 INFO: 1 files to be analyzed
19:34:12.179 DEBUG: file=/home/alex/code/pythoncoverage/.git/config, create new FileSnapshot: lastRead=2020-07-23 19:34:12.179000000, lastModified=2020-01-28 15:03:17.000000000, size=92, fileKey=(dev=fe04,ino=1309501)
19:34:12.179 DEBUG: file=/home/alex/.config/jgit/config, isRacyClean=false, read=2020-07-23 19:34:02.461000000, lastModified=2020-05-18 14:42:44.000000000, delta=5719878461000000 ns, racy<=2500000000 ns
19:34:12.179 DEBUG: file=/home/alex/.config/jgit/config, is unmodified
19:34:12.180 DEBUG: file=/etc/gitconfig, isRacyClean=false, read=2020-07-23 19:34:02.509000000, lastModified=1970-01-01 01:00:00.000000000, delta=1595525642509000000 ns, racy<=2500000000 ns
19:34:12.180 DEBUG: file=/etc/gitconfig, is unmodified
19:34:12.180 DEBUG: file=/home/alex/.gitconfig, isRacyClean=false, read=2020-07-23 19:34:02.510000000, lastModified=2020-05-25 12:26:25.000000000, delta=5123257510000000 ns, racy<=2500000000 ns
19:34:12.180 DEBUG: file=/home/alex/.gitconfig, is unmodified
19:34:12.180 DEBUG: file=/home/alex/code/pythoncoverage/.git/config, create new FileSnapshot: lastRead=2020-07-23 19:34:12.180000000, lastModified=2020-01-28 15:03:17.000000000, size=92, fileKey=(dev=fe04,ino=1309501)
19:34:12.182 DEBUG: file=/home/alex/.config/jgit/config, isRacyClean=false, read=2020-07-23 19:34:02.461000000, lastModified=2020-05-18 14:42:44.000000000, delta=5719878461000000 ns, racy<=2500000000 ns
19:34:12.182 DEBUG: file=/home/alex/.config/jgit/config, is unmodified
19:34:12.182 DEBUG: file=/etc/gitconfig, isRacyClean=false, read=2020-07-23 19:34:02.509000000, lastModified=1970-01-01 01:00:00.000000000, delta=1595525642509000000 ns, racy<=2500000000 ns
19:34:12.182 DEBUG: file=/etc/gitconfig, is unmodified
19:34:12.182 DEBUG: file=/home/alex/.gitconfig, isRacyClean=false, read=2020-07-23 19:34:02.510000000, lastModified=2020-05-25 12:26:25.000000000, delta=5123257510000000 ns, racy<=2500000000 ns
19:34:12.182 DEBUG: file=/home/alex/.gitconfig, is unmodified
19:34:12.182 DEBUG: file=/home/alex/code/pythoncoverage/.git/config, isRacyClean=false, read=2020-07-23 19:34:12.180000000, lastModified=2020-01-28 15:03:17.000000000, delta=15305455180000000 ns, racy<=2500000000 ns
19:34:12.182 DEBUG: file=/home/alex/code/pythoncoverage/.git/config, is unmodified
19:34:12.183 DEBUG: file=/home/alex/code/pythoncoverage/.git/index, create new FileSnapshot: lastRead=2020-07-23 19:34:12.183000000, lastModified=2020-07-01 10:02:47.000000000, size=3126, fileKey=(dev=fe04,ino=1309398)
19:34:12.199 DEBUG: Blame file src/main.py
19:34:12.229 DEBUG: file=/home/alex/.config/jgit/config, isRacyClean=false, read=2020-07-23 19:34:02.461000000, lastModified=2020-05-18 14:42:44.000000000, delta=5719878461000000 ns, racy<=2500000000 ns
19:34:12.229 DEBUG: file=/home/alex/.config/jgit/config, is unmodified
19:34:12.229 DEBUG: file=/etc/gitconfig, isRacyClean=false, read=2020-07-23 19:34:02.509000000, lastModified=1970-01-01 01:00:00.000000000, delta=1595525642509000000 ns, racy<=2500000000 ns
19:34:12.229 DEBUG: file=/etc/gitconfig, is unmodified
19:34:12.231 DEBUG: file=/home/alex/.gitconfig, isRacyClean=false, read=2020-07-23 19:34:02.510000000, lastModified=2020-05-25 12:26:25.000000000, delta=5123257510000000 ns, racy<=2500000000 ns
19:34:12.231 DEBUG: file=/home/alex/.gitconfig, is unmodified
19:34:12.231 DEBUG: file=/home/alex/code/pythoncoverage/.git/config, isRacyClean=false, read=2020-07-23 19:34:12.180000000, lastModified=2020-01-28 15:03:17.000000000, delta=15305455180000000 ns, racy<=2500000000 ns
19:34:12.231 DEBUG: file=/home/alex/code/pythoncoverage/.git/config, is unmodified
19:34:12.252 DEBUG: file=/home/alex/.config/jgit/config, isRacyClean=false, read=2020-07-23 19:34:02.461000000, lastModified=2020-05-18 14:42:44.000000000, delta=5719878461000000 ns, racy<=2500000000 ns
19:34:12.252 DEBUG: file=/home/alex/.config/jgit/config, is unmodified
19:34:12.252 DEBUG: file=/etc/gitconfig, isRacyClean=false, read=2020-07-23 19:34:02.509000000, lastModified=1970-01-01 01:00:00.000000000, delta=1595525642509000000 ns, racy<=2500000000 ns
19:34:12.252 DEBUG: file=/etc/gitconfig, is unmodified
19:34:12.252 DEBUG: file=/home/alex/.gitconfig, isRacyClean=false, read=2020-07-23 19:34:02.510000000, lastModified=2020-05-25 12:26:25.000000000, delta=5123257510000000 ns, racy<=2500000000 ns
19:34:12.252 DEBUG: file=/home/alex/.gitconfig, is unmodified
19:34:12.252 DEBUG: file=/home/alex/code/pythoncoverage/.git/config, isRacyClean=false, read=2020-07-23 19:34:12.180000000, lastModified=2020-01-28 15:03:17.000000000, delta=15305455180000000 ns, racy<=2500000000 ns
19:34:12.253 DEBUG: file=/home/alex/code/pythoncoverage/.git/config, is unmodified
19:34:12.253 DEBUG: file=/home/alex/code/pythoncoverage/.git/HEAD, create new FileSnapshot: lastRead=2020-07-23 19:34:12.253000000, lastModified=2020-04-22 15:57:47.000000000, size=24, fileKey=(dev=fe04,ino=1309060)
19:34:12.254 DEBUG: file=/home/alex/code/pythoncoverage/.git/refs/heads/short-1, create new FileSnapshot: lastRead=2020-07-23 19:34:12.254000000, lastModified=2020-07-01 10:02:47.000000000, size=41, fileKey=(dev=fe04,ino=1310640)
19:34:12.255 DEBUG: file=/home/alex/.config/jgit/config, isRacyClean=false, read=2020-07-23 19:34:02.461000000, lastModified=2020-05-18 14:42:44.000000000, delta=5719878461000000 ns, racy<=2500000000 ns
19:34:12.255 DEBUG: file=/home/alex/.config/jgit/config, is unmodified
19:34:12.255 DEBUG: file=/etc/gitconfig, isRacyClean=false, read=2020-07-23 19:34:02.509000000, lastModified=1970-01-01 01:00:00.000000000, delta=1595525642509000000 ns, racy<=2500000000 ns
19:34:12.255 DEBUG: file=/etc/gitconfig, is unmodified
19:34:12.255 DEBUG: file=/home/alex/.gitconfig, isRacyClean=false, read=2020-07-23 19:34:02.510000000, lastModified=2020-05-25 12:26:25.000000000, delta=5123257510000000 ns, racy<=2500000000 ns
19:34:12.255 DEBUG: file=/home/alex/.gitconfig, is unmodified
19:34:12.256 DEBUG: file=/home/alex/code/pythoncoverage/.git/config, isRacyClean=false, read=2020-07-23 19:34:12.180000000, lastModified=2020-01-28 15:03:17.000000000, delta=15305455180000000 ns, racy<=2500000000 ns
19:34:12.256 DEBUG: file=/home/alex/code/pythoncoverage/.git/config, is unmodified
19:34:12.257 DEBUG: file=/home/alex/code/pythoncoverage/.git/HEAD, isRacyClean=false, read=2020-07-23 19:34:12.253000000, lastModified=2020-04-22 15:57:47.000000000, delta=7961785253000000 ns, racy<=1255000000 ns
19:34:12.257 DEBUG: file=/home/alex/code/pythoncoverage/.git/HEAD, is unmodified
19:34:12.257 DEBUG: file=/home/alex/code/pythoncoverage/.git/refs/heads/short-1, isRacyClean=false, read=2020-07-23 19:34:12.254000000, lastModified=2020-07-01 10:02:47.000000000, delta=1935085254000000 ns, racy<=1255000000 ns
19:34:12.257 DEBUG: file=/home/alex/code/pythoncoverage/.git/refs/heads/short-1, is unmodified
19:34:12.278 DEBUG: file=/home/alex/code/pythoncoverage/.git/index, create new FileSnapshot: lastRead=2020-07-23 19:34:12.278000000, lastModified=2020-07-01 10:02:47.000000000, size=3126, fileKey=(dev=fe04,ino=1309398)
19:34:12.280 DEBUG: file=/home/alex/code/pythoncoverage/.git/index, create new FileSnapshot: lastRead=2020-07-23 19:34:12.280000000, lastModified=2020-07-01 10:02:47.000000000, size=3126, fileKey=(dev=fe04,ino=1309398)
19:34:12.280 DEBUG: file=/home/alex/.config/jgit/config, isRacyClean=false, read=2020-07-23 19:34:02.461000000, lastModified=2020-05-18 14:42:44.000000000, delta=5719878461000000 ns, racy<=2500000000 ns
19:34:12.280 DEBUG: file=/home/alex/.config/jgit/config, is unmodified
19:34:12.281 DEBUG: file=/etc/gitconfig, isRacyClean=false, read=2020-07-23 19:34:02.509000000, lastModified=1970-01-01 01:00:00.000000000, delta=1595525642509000000 ns, racy<=2500000000 ns
19:34:12.281 DEBUG: file=/etc/gitconfig, is unmodified
19:34:12.281 DEBUG: file=/home/alex/.gitconfig, isRacyClean=false, read=2020-07-23 19:34:02.510000000, lastModified=2020-05-25 12:26:25.000000000, delta=5123257510000000 ns, racy<=2500000000 ns
19:34:12.281 DEBUG: file=/home/alex/.gitconfig, is unmodified
19:34:12.281 DEBUG: file=/home/alex/code/pythoncoverage/.git/config, isRacyClean=false, read=2020-07-23 19:34:12.180000000, lastModified=2020-01-28 15:03:17.000000000, delta=15305455180000000 ns, racy<=2500000000 ns
19:34:12.281 DEBUG: file=/home/alex/code/pythoncoverage/.git/config, is unmodified
19:34:12.281 DEBUG: file=/home/alex/.config/jgit/config, isRacyClean=false, read=2020-07-23 19:34:02.461000000, lastModified=2020-05-18 14:42:44.000000000, delta=5719878461000000 ns, racy<=2500000000 ns
19:34:12.281 DEBUG: file=/home/alex/.config/jgit/config, is unmodified
19:34:12.281 DEBUG: file=/etc/gitconfig, isRacyClean=false, read=2020-07-23 19:34:02.509000000, lastModified=1970-01-01 01:00:00.000000000, delta=1595525642509000000 ns, racy<=2500000000 ns
19:34:12.281 DEBUG: file=/etc/gitconfig, is unmodified
19:34:12.281 DEBUG: file=/home/alex/.gitconfig, isRacyClean=false, read=2020-07-23 19:34:02.510000000, lastModified=2020-05-25 12:26:25.000000000, delta=5123257510000000 ns, racy<=2500000000 ns
19:34:12.281 DEBUG: file=/home/alex/.gitconfig, is unmodified
19:34:12.281 DEBUG: file=/home/alex/code/pythoncoverage/.git/config, isRacyClean=false, read=2020-07-23 19:34:12.180000000, lastModified=2020-01-28 15:03:17.000000000, delta=15305455180000000 ns, racy<=2500000000 ns
19:34:12.281 DEBUG: file=/home/alex/code/pythoncoverage/.git/config, is unmodified
19:34:12.281 DEBUG: file=/home/alex/.config/jgit/config, isRacyClean=false, read=2020-07-23 19:34:02.461000000, lastModified=2020-05-18 14:42:44.000000000, delta=5719878461000000 ns, racy<=2500000000 ns
19:34:12.281 DEBUG: file=/home/alex/.config/jgit/config, is unmodified
19:34:12.281 DEBUG: file=/etc/gitconfig, isRacyClean=false, read=2020-07-23 19:34:02.509000000, lastModified=1970-01-01 01:00:00.000000000, delta=1595525642509000000 ns, racy<=2500000000 ns
19:34:12.281 DEBUG: file=/etc/gitconfig, is unmodified
19:34:12.281 DEBUG: file=/home/alex/.gitconfig, isRacyClean=false, read=2020-07-23 19:34:02.510000000, lastModified=2020-05-25 12:26:25.000000000, delta=5123257510000000 ns, racy<=2500000000 ns
19:34:12.281 DEBUG: file=/home/alex/.gitconfig, is unmodified
19:34:12.281 DEBUG: file=/home/alex/code/pythoncoverage/.git/config, isRacyClean=false, read=2020-07-23 19:34:12.180000000, lastModified=2020-01-28 15:03:17.000000000, delta=15305455180000000 ns, racy<=2500000000 ns
19:34:12.281 DEBUG: file=/home/alex/code/pythoncoverage/.git/config, is unmodified
19:34:12.282 DEBUG: file=/home/alex/.config/jgit/config, isRacyClean=false, read=2020-07-23 19:34:02.461000000, lastModified=2020-05-18 14:42:44.000000000, delta=5719878461000000 ns, racy<=2500000000 ns
19:34:12.282 DEBUG: file=/home/alex/.config/jgit/config, is unmodified
19:34:12.282 DEBUG: file=/etc/gitconfig, isRacyClean=false, read=2020-07-23 19:34:02.509000000, lastModified=1970-01-01 01:00:00.000000000, delta=1595525642509000000 ns, racy<=2500000000 ns
19:34:12.283 DEBUG: file=/etc/gitconfig, is unmodified
19:34:12.283 DEBUG: file=/home/alex/.gitconfig, isRacyClean=false, read=2020-07-23 19:34:02.510000000, lastModified=2020-05-25 12:26:25.000000000, delta=5123257510000000 ns, racy<=2500000000 ns
19:34:12.283 DEBUG: file=/home/alex/.gitconfig, is unmodified
19:34:12.283 DEBUG: file=/home/alex/code/pythoncoverage/.git/config, isRacyClean=false, read=2020-07-23 19:34:12.180000000, lastModified=2020-01-28 15:03:17.000000000, delta=15305455180000000 ns, racy<=2500000000 ns
19:34:12.283 DEBUG: file=/home/alex/code/pythoncoverage/.git/config, is unmodified
19:34:12.285 DEBUG: file=/home/alex/.config/jgit/config, isRacyClean=false, read=2020-07-23 19:34:02.461000000, lastModified=2020-05-18 14:42:44.000000000, delta=5719878461000000 ns, racy<=2500000000 ns
19:34:12.285 DEBUG: file=/home/alex/.config/jgit/config, is unmodified
19:34:12.285 DEBUG: file=/etc/gitconfig, isRacyClean=false, read=2020-07-23 19:34:02.509000000, lastModified=1970-01-01 01:00:00.000000000, delta=1595525642509000000 ns, racy<=2500000000 ns
19:34:12.285 DEBUG: file=/etc/gitconfig, is unmodified
19:34:12.285 DEBUG: file=/home/alex/.gitconfig, isRacyClean=false, read=2020-07-23 19:34:02.510000000, lastModified=2020-05-25 12:26:25.000000000, delta=5123257510000000 ns, racy<=2500000000 ns
19:34:12.285 DEBUG: file=/home/alex/.gitconfig, is unmodified
19:34:12.285 DEBUG: file=/home/alex/code/pythoncoverage/.git/config, isRacyClean=false, read=2020-07-23 19:34:12.180000000, lastModified=2020-01-28 15:03:17.000000000, delta=15305455180000000 ns, racy<=2500000000 ns
19:34:12.285 DEBUG: file=/home/alex/code/pythoncoverage/.git/config, is unmodified
19:34:12.304 DEBUG: file=null, size changed from -1 to 4096 bytes
19:34:12.304 DEBUG: file=/home/alex/code/pythoncoverage/.git/objects/pack, create new FileSnapshot: lastRead=2020-07-23 19:34:12.304000000, lastModified=2020-01-28 15:03:17.000000000, size=4096, fileKey=(dev=fe04,ino=1309502)
19:34:12.304 DEBUG: file=/home/alex/code/pythoncoverage/.git/objects/pack, isRacyClean=false, read=2020-07-23 19:34:12.304000000, lastModified=2020-01-28 15:03:17.000000000, delta=15305455304000000 ns, racy<=1255000000 ns
19:34:12.304 DEBUG: file=/home/alex/code/pythoncoverage/.git/objects/pack, is unmodified
19:34:12.316 DEBUG: file=/home/alex/code/pythoncoverage/.git/objects/pack, isRacyClean=false, read=2020-07-23 19:34:12.304000000, lastModified=2020-01-28 15:03:17.000000000, delta=15305455304000000 ns, racy<=1255000000 ns
19:34:12.316 DEBUG: file=/home/alex/code/pythoncoverage/.git/objects/pack, is unmodified
19:34:12.317 DEBUG: file=/home/alex/code/pythoncoverage/.git/objects/pack, isRacyClean=false, read=2020-07-23 19:34:12.304000000, lastModified=2020-01-28 15:03:17.000000000, delta=15305455304000000 ns, racy<=1255000000 ns
19:34:12.317 DEBUG: file=/home/alex/code/pythoncoverage/.git/objects/pack, is unmodified
19:34:12.327 DEBUG: file=/home/alex/code/pythoncoverage/.git/objects/pack, isRacyClean=false, read=2020-07-23 19:34:12.304000000, lastModified=2020-01-28 15:03:17.000000000, delta=15305455304000000 ns, racy<=1255000000 ns
19:34:12.327 DEBUG: file=/home/alex/code/pythoncoverage/.git/objects/pack, is unmodified
19:34:12.327 DEBUG: file=/home/alex/.config/jgit/config, isRacyClean=false, read=2020-07-23 19:34:02.461000000, lastModified=2020-05-18 14:42:44.000000000, delta=5719878461000000 ns, racy<=2500000000 ns
19:34:12.327 DEBUG: file=/home/alex/.config/jgit/config, is unmodified
19:34:12.327 DEBUG: file=/etc/gitconfig, isRacyClean=false, read=2020-07-23 19:34:02.509000000, lastModified=1970-01-01 01:00:00.000000000, delta=1595525642509000000 ns, racy<=2500000000 ns
19:34:12.327 DEBUG: file=/etc/gitconfig, is unmodified
19:34:12.327 DEBUG: file=/home/alex/.gitconfig, isRacyClean=false, read=2020-07-23 19:34:02.510000000, lastModified=2020-05-25 12:26:25.000000000, delta=5123257510000000 ns, racy<=2500000000 ns
19:34:12.327 DEBUG: file=/home/alex/.gitconfig, is unmodified
19:34:12.328 DEBUG: file=/home/alex/code/pythoncoverage/.git/config, isRacyClean=false, read=2020-07-23 19:34:12.180000000, lastModified=2020-01-28 15:03:17.000000000, delta=15305455180000000 ns, racy<=2500000000 ns
19:34:12.328 DEBUG: file=/home/alex/code/pythoncoverage/.git/config, is unmodified
19:34:12.328 DEBUG: file=/home/alex/.config/jgit/config, isRacyClean=false, read=2020-07-23 19:34:02.461000000, lastModified=2020-05-18 14:42:44.000000000, delta=5719878461000000 ns, racy<=2500000000 ns
19:34:12.328 DEBUG: file=/home/alex/.config/jgit/config, is unmodified
19:34:12.328 DEBUG: file=/etc/gitconfig, isRacyClean=false, read=2020-07-23 19:34:02.509000000, lastModified=1970-01-01 01:00:00.000000000, delta=1595525642509000000 ns, racy<=2500000000 ns
19:34:12.328 DEBUG: file=/etc/gitconfig, is unmodified
19:34:12.329 DEBUG: file=/home/alex/.gitconfig, isRacyClean=false, read=2020-07-23 19:34:02.510000000, lastModified=2020-05-25 12:26:25.000000000, delta=5123257510000000 ns, racy<=2500000000 ns
19:34:12.329 DEBUG: file=/home/alex/.gitconfig, is unmodified
19:34:12.329 DEBUG: file=/home/alex/code/pythoncoverage/.git/config, isRacyClean=false, read=2020-07-23 19:34:12.180000000, lastModified=2020-01-28 15:03:17.000000000, delta=15305455180000000 ns, racy<=2500000000 ns
19:34:12.329 DEBUG: file=/home/alex/code/pythoncoverage/.git/config, is unmodified
19:34:12.362 DEBUG: file=/home/alex/code/pythoncoverage/.git/objects/pack, isRacyClean=false, read=2020-07-23 19:34:12.304000000, lastModified=2020-01-28 15:03:17.000000000, delta=15305455304000000 ns, racy<=1255000000 ns
19:34:12.362 DEBUG: file=/home/alex/code/pythoncoverage/.git/objects/pack, is unmodified
19:34:12.364 DEBUG: file=/home/alex/code/pythoncoverage/.git/objects/pack, isRacyClean=false, read=2020-07-23 19:34:12.304000000, lastModified=2020-01-28 15:03:17.000000000, delta=15305455304000000 ns, racy<=1255000000 ns
19:34:12.364 DEBUG: file=/home/alex/code/pythoncoverage/.git/objects/pack, is unmodified
19:34:12.365 DEBUG: file=/home/alex/code/pythoncoverage/.git/objects/pack, isRacyClean=false, read=2020-07-23 19:34:12.304000000, lastModified=2020-01-28 15:03:17.000000000, delta=15305455304000000 ns, racy<=1255000000 ns
19:34:12.365 DEBUG: file=/home/alex/code/pythoncoverage/.git/objects/pack, is unmodified
19:34:12.371 DEBUG: file=/home/alex/code/pythoncoverage/.git/objects/pack, isRacyClean=false, read=2020-07-23 19:34:12.304000000, lastModified=2020-01-28 15:03:17.000000000, delta=15305455304000000 ns, racy<=1255000000 ns
19:34:12.371 DEBUG: file=/home/alex/code/pythoncoverage/.git/objects/pack, is unmodified
19:34:12.372 DEBUG: file=/home/alex/code/pythoncoverage/.git/objects/pack, isRacyClean=false, read=2020-07-23 19:34:12.304000000, lastModified=2020-01-28 15:03:17.000000000, delta=15305455304000000 ns, racy<=1255000000 ns
19:34:12.372 DEBUG: file=/home/alex/code/pythoncoverage/.git/objects/pack, is unmodified
19:34:12.372 DEBUG: file=/home/alex/code/pythoncoverage/.git/objects/pack, isRacyClean=false, read=2020-07-23 19:34:12.304000000, lastModified=2020-01-28 15:03:17.000000000, delta=15305455304000000 ns, racy<=1255000000 ns
19:34:12.372 DEBUG: file=/home/alex/code/pythoncoverage/.git/objects/pack, is unmodified
19:34:12.373 DEBUG: file=/home/alex/code/pythoncoverage/.git/objects/pack, isRacyClean=false, read=2020-07-23 19:34:12.304000000, lastModified=2020-01-28 15:03:17.000000000, delta=15305455304000000 ns, racy<=1255000000 ns
19:34:12.373 DEBUG: file=/home/alex/code/pythoncoverage/.git/objects/pack, is unmodified
19:34:12.373 DEBUG: file=/home/alex/code/pythoncoverage/.git/objects/pack, isRacyClean=false, read=2020-07-23 19:34:12.304000000, lastModified=2020-01-28 15:03:17.000000000, delta=15305455304000000 ns, racy<=1255000000 ns
19:34:12.373 DEBUG: file=/home/alex/code/pythoncoverage/.git/objects/pack, is unmodified
19:34:12.374 DEBUG: file=/home/alex/code/pythoncoverage/.git/objects/pack, isRacyClean=false, read=2020-07-23 19:34:12.304000000, lastModified=2020-01-28 15:03:17.000000000, delta=15305455304000000 ns, racy<=1255000000 ns
19:34:12.374 DEBUG: file=/home/alex/code/pythoncoverage/.git/objects/pack, is unmodified
19:34:12.375 DEBUG: file=/home/alex/code/pythoncoverage/.git/objects/pack, isRacyClean=false, read=2020-07-23 19:34:12.304000000, lastModified=2020-01-28 15:03:17.000000000, delta=15305455304000000 ns, racy<=1255000000 ns
19:34:12.375 DEBUG: file=/home/alex/code/pythoncoverage/.git/objects/pack, is unmodified
19:34:12.375 DEBUG: file=/home/alex/code/pythoncoverage/.git/objects/pack, isRacyClean=false, read=2020-07-23 19:34:12.304000000, lastModified=2020-01-28 15:03:17.000000000, delta=15305455304000000 ns, racy<=1255000000 ns
19:34:12.375 DEBUG: file=/home/alex/code/pythoncoverage/.git/objects/pack, is unmodified
19:34:12.375 DEBUG: file=/home/alex/code/pythoncoverage/.git/objects/pack, isRacyClean=false, read=2020-07-23 19:34:12.304000000, lastModified=2020-01-28 15:03:17.000000000, delta=15305455304000000 ns, racy<=1255000000 ns
19:34:12.375 DEBUG: file=/home/alex/code/pythoncoverage/.git/objects/pack, is unmodified
19:34:12.377 DEBUG: file=/home/alex/.config/jgit/config, isRacyClean=false, read=2020-07-23 19:34:02.461000000, lastModified=2020-05-18 14:42:44.000000000, delta=5719878461000000 ns, racy<=2500000000 ns
19:34:12.377 DEBUG: file=/home/alex/.config/jgit/config, is unmodified
19:34:12.378 DEBUG: file=/etc/gitconfig, isRacyClean=false, read=2020-07-23 19:34:02.509000000, lastModified=1970-01-01 01:00:00.000000000, delta=1595525642509000000 ns, racy<=2500000000 ns
19:34:12.378 DEBUG: file=/etc/gitconfig, is unmodified
19:34:12.378 DEBUG: file=/home/alex/.gitconfig, isRacyClean=false, read=2020-07-23 19:34:02.510000000, lastModified=2020-05-25 12:26:25.000000000, delta=5123257510000000 ns, racy<=2500000000 ns
19:34:12.378 DEBUG: file=/home/alex/.gitconfig, is unmodified
19:34:12.378 DEBUG: file=/home/alex/code/pythoncoverage/.git/config, isRacyClean=false, read=2020-07-23 19:34:12.180000000, lastModified=2020-01-28 15:03:17.000000000, delta=15305455180000000 ns, racy<=2500000000 ns
19:34:12.378 DEBUG: file=/home/alex/code/pythoncoverage/.git/config, is unmodified
19:34:12.378 DEBUG: file=/home/alex/.config/jgit/config, isRacyClean=false, read=2020-07-23 19:34:02.461000000, lastModified=2020-05-18 14:42:44.000000000, delta=5719878461000000 ns, racy<=2500000000 ns
19:34:12.378 DEBUG: file=/home/alex/.config/jgit/config, is unmodified
19:34:12.378 DEBUG: file=/etc/gitconfig, isRacyClean=false, read=2020-07-23 19:34:02.509000000, lastModified=1970-01-01 01:00:00.000000000, delta=1595525642509000000 ns, racy<=2500000000 ns
19:34:12.378 DEBUG: file=/etc/gitconfig, is unmodified
19:34:12.378 DEBUG: file=/home/alex/.gitconfig, isRacyClean=false, read=2020-07-23 19:34:02.510000000, lastModified=2020-05-25 12:26:25.000000000, delta=5123257510000000 ns, racy<=2500000000 ns
19:34:12.378 DEBUG: file=/home/alex/.gitconfig, is unmodified
19:34:12.378 DEBUG: file=/home/alex/code/pythoncoverage/.git/config, isRacyClean=false, read=2020-07-23 19:34:12.180000000, lastModified=2020-01-28 15:03:17.000000000, delta=15305455180000000 ns, racy<=2500000000 ns
19:34:12.378 DEBUG: file=/home/alex/code/pythoncoverage/.git/config, is unmodified
19:34:12.379 DEBUG: file=/home/alex/code/pythoncoverage/.git/objects/pack, isRacyClean=false, read=2020-07-23 19:34:12.304000000, lastModified=2020-01-28 15:03:17.000000000, delta=15305455304000000 ns, racy<=1255000000 ns
19:34:12.379 DEBUG: file=/home/alex/code/pythoncoverage/.git/objects/pack, is unmodified
19:34:12.382 DEBUG: file=/home/alex/code/pythoncoverage/.git/objects/pack, isRacyClean=false, read=2020-07-23 19:34:12.304000000, lastModified=2020-01-28 15:03:17.000000000, delta=15305455304000000 ns, racy<=1255000000 ns
19:34:12.382 DEBUG: file=/home/alex/code/pythoncoverage/.git/objects/pack, is unmodified
19:34:12.382 DEBUG: file=/home/alex/code/pythoncoverage/.git/objects/pack, isRacyClean=false, read=2020-07-23 19:34:12.304000000, lastModified=2020-01-28 15:03:17.000000000, delta=15305455304000000 ns, racy<=1255000000 ns
19:34:12.382 DEBUG: file=/home/alex/code/pythoncoverage/.git/objects/pack, is unmodified
19:34:12.382 DEBUG: file=/home/alex/code/pythoncoverage/.git/objects/pack, isRacyClean=false, read=2020-07-23 19:34:12.304000000, lastModified=2020-01-28 15:03:17.000000000, delta=15305455304000000 ns, racy<=1255000000 ns
19:34:12.382 DEBUG: file=/home/alex/code/pythoncoverage/.git/objects/pack, is unmodified
19:34:12.383 DEBUG: file=/home/alex/.config/jgit/config, isRacyClean=false, read=2020-07-23 19:34:02.461000000, lastModified=2020-05-18 14:42:44.000000000, delta=5719878461000000 ns, racy<=2500000000 ns
19:34:12.383 DEBUG: file=/home/alex/.config/jgit/config, is unmodified
19:34:12.383 DEBUG: file=/etc/gitconfig, isRacyClean=false, read=2020-07-23 19:34:02.509000000, lastModified=1970-01-01 01:00:00.000000000, delta=1595525642509000000 ns, racy<=2500000000 ns
19:34:12.383 DEBUG: file=/etc/gitconfig, is unmodified
19:34:12.383 DEBUG: file=/home/alex/.gitconfig, isRacyClean=false, read=2020-07-23 19:34:02.510000000, lastModified=2020-05-25 12:26:25.000000000, delta=5123257510000000 ns, racy<=2500000000 ns
19:34:12.383 DEBUG: file=/home/alex/.gitconfig, is unmodified
19:34:12.383 DEBUG: file=/home/alex/code/pythoncoverage/.git/config, isRacyClean=false, read=2020-07-23 19:34:12.180000000, lastModified=2020-01-28 15:03:17.000000000, delta=15305455180000000 ns, racy<=2500000000 ns
19:34:12.383 DEBUG: file=/home/alex/code/pythoncoverage/.git/config, is unmodified
19:34:12.383 DEBUG: file=/home/alex/.config/jgit/config, isRacyClean=false, read=2020-07-23 19:34:02.461000000, lastModified=2020-05-18 14:42:44.000000000, delta=5719878461000000 ns, racy<=2500000000 ns
19:34:12.383 DEBUG: file=/home/alex/.config/jgit/config, is unmodified
19:34:12.383 DEBUG: file=/etc/gitconfig, isRacyClean=false, read=2020-07-23 19:34:02.509000000, lastModified=1970-01-01 01:00:00.000000000, delta=1595525642509000000 ns, racy<=2500000000 ns
19:34:12.383 DEBUG: file=/etc/gitconfig, is unmodified
19:34:12.383 DEBUG: file=/home/alex/.gitconfig, isRacyClean=false, read=2020-07-23 19:34:02.510000000, lastModified=2020-05-25 12:26:25.000000000, delta=5123257510000000 ns, racy<=2500000000 ns
19:34:12.383 DEBUG: file=/home/alex/.gitconfig, is unmodified
19:34:12.383 DEBUG: file=/home/alex/code/pythoncoverage/.git/config, isRacyClean=false, read=2020-07-23 19:34:12.180000000, lastModified=2020-01-28 15:03:17.000000000, delta=15305455180000000 ns, racy<=2500000000 ns
19:34:12.383 DEBUG: file=/home/alex/code/pythoncoverage/.git/config, is unmodified
19:34:12.384 DEBUG: Unable to blame file src/main.py. No blame info at line 3. Is file committed? [Author: PersonIdent[Not Committed Yet, , Thu Jul 23 19:34:12 2020 +0200] Source commit: null]
19:34:12.385 INFO: 0/1 files analyzed
19:34:12.395 INFO: 13 files had no CPD blocks
19:34:12.395 INFO: Calculating CPD for 2 files
19:34:12.395 DEBUG: Detection of duplications for /home/alex/code/pythoncoverage/src/second.py
19:34:12.413 DEBUG: Detection of duplications for /home/alex/code/pythoncoverage/src/main.py
19:34:12.414 INFO: CPD calculation finished
19:34:12.433 DEBUG: file=/home/alex/code/pythoncoverage/.git/config, create new FileSnapshot: lastRead=2020-07-23 19:34:12.432000000, lastModified=2020-01-28 15:03:17.000000000, size=92, fileKey=(dev=fe04,ino=1309501)
19:34:12.433 DEBUG: file=/home/alex/.config/jgit/config, isRacyClean=false, read=2020-07-23 19:34:02.461000000, lastModified=2020-05-18 14:42:44.000000000, delta=5719878461000000 ns, racy<=2500000000 ns
19:34:12.433 DEBUG: file=/home/alex/.config/jgit/config, is unmodified
19:34:12.433 DEBUG: file=/etc/gitconfig, isRacyClean=false, read=2020-07-23 19:34:02.509000000, lastModified=1970-01-01 01:00:00.000000000, delta=1595525642509000000 ns, racy<=2500000000 ns
19:34:12.433 DEBUG: file=/etc/gitconfig, is unmodified
19:34:12.433 DEBUG: file=/home/alex/.gitconfig, isRacyClean=false, read=2020-07-23 19:34:02.510000000, lastModified=2020-05-25 12:26:25.000000000, delta=5123257510000000 ns, racy<=2500000000 ns
19:34:12.433 DEBUG: file=/home/alex/.gitconfig, is unmodified
19:34:12.442 DEBUG: file=/home/alex/code/pythoncoverage/.git/config, create new FileSnapshot: lastRead=2020-07-23 19:34:12.442000000, lastModified=2020-01-28 15:03:17.000000000, size=92, fileKey=(dev=fe04,ino=1309501)
19:34:12.443 DEBUG: file=/home/alex/.config/jgit/config, isRacyClean=false, read=2020-07-23 19:34:02.461000000, lastModified=2020-05-18 14:42:44.000000000, delta=5719878461000000 ns, racy<=2500000000 ns
19:34:12.443 DEBUG: file=/home/alex/.config/jgit/config, is unmodified
19:34:12.443 DEBUG: file=/etc/gitconfig, isRacyClean=false, read=2020-07-23 19:34:02.509000000, lastModified=1970-01-01 01:00:00.000000000, delta=1595525642509000000 ns, racy<=2500000000 ns
19:34:12.443 DEBUG: file=/etc/gitconfig, is unmodified
19:34:12.443 DEBUG: file=/home/alex/.gitconfig, isRacyClean=false, read=2020-07-23 19:34:02.510000000, lastModified=2020-05-25 12:26:25.000000000, delta=5123257510000000 ns, racy<=2500000000 ns
19:34:12.443 DEBUG: file=/home/alex/.gitconfig, is unmodified
19:34:12.443 DEBUG: file=/home/alex/code/pythoncoverage/.git/config, isRacyClean=false, read=2020-07-23 19:34:12.442000000, lastModified=2020-01-28 15:03:17.000000000, delta=15305455442000000 ns, racy<=2500000000 ns
19:34:12.443 DEBUG: file=/home/alex/code/pythoncoverage/.git/config, is unmodified
19:34:12.444 DEBUG: file=/home/alex/code/pythoncoverage/.git/index, create new FileSnapshot: lastRead=2020-07-23 19:34:12.444000000, lastModified=2020-07-01 10:02:47.000000000, size=3126, fileKey=(dev=fe04,ino=1309398)
19:34:12.444 DEBUG: file=/home/alex/.config/jgit/config, isRacyClean=false, read=2020-07-23 19:34:02.461000000, lastModified=2020-05-18 14:42:44.000000000, delta=5719878461000000 ns, racy<=2500000000 ns
19:34:12.444 DEBUG: file=/home/alex/.config/jgit/config, is unmodified
19:34:12.444 DEBUG: file=/etc/gitconfig, isRacyClean=false, read=2020-07-23 19:34:02.509000000, lastModified=1970-01-01 01:00:00.000000000, delta=1595525642509000000 ns, racy<=2500000000 ns
19:34:12.444 DEBUG: file=/etc/gitconfig, is unmodified
19:34:12.444 DEBUG: file=/home/alex/.gitconfig, isRacyClean=false, read=2020-07-23 19:34:02.510000000, lastModified=2020-05-25 12:26:25.000000000, delta=5123257510000000 ns, racy<=2500000000 ns
19:34:12.444 DEBUG: file=/home/alex/.gitconfig, is unmodified
19:34:12.447 DEBUG: file=/home/alex/code/pythoncoverage/.git/config, isRacyClean=false, read=2020-07-23 19:34:12.442000000, lastModified=2020-01-28 15:03:17.000000000, delta=15305455442000000 ns, racy<=2500000000 ns
19:34:12.447 DEBUG: file=/home/alex/code/pythoncoverage/.git/config, is unmodified
19:34:12.447 DEBUG: file=/home/alex/code/pythoncoverage/.git/HEAD, create new FileSnapshot: lastRead=2020-07-23 19:34:12.447000000, lastModified=2020-04-22 15:57:47.000000000, size=24, fileKey=(dev=fe04,ino=1309060)
19:34:12.447 DEBUG: file=/home/alex/code/pythoncoverage/.git/refs/heads/short-1, create new FileSnapshot: lastRead=2020-07-23 19:34:12.447000000, lastModified=2020-07-01 10:02:47.000000000, size=41, fileKey=(dev=fe04,ino=1310640)
19:34:12.597 INFO: Analysis report generated in 174ms, dir size=172 KB
19:34:12.662 INFO: Analysis report compressed in 64ms, zip size=46 KB
19:34:12.662 INFO: Analysis report generated in /home/alex/code/pythoncoverage/.scannerwork/scanner-report
19:34:12.662 DEBUG: Upload report
19:34:12.770 DEBUG: POST 200 http://localhost:9000/api/ce/submit?projectKey=python | time=108ms
19:34:12.773 INFO: Analysis report uploaded in 111ms
19:34:12.778 INFO: ANALYSIS SUCCESSFUL, you can browse http://alexsonar.com/dashboard?id=python
19:34:12.778 INFO: Note that you will be able to access the updated dashboard once the server has processed the submitted analysis report
19:34:12.779 INFO: More about the report processing at http://alexsonar.com/api/ce/task?id=AXN8vWEO0NeLdB2mezNZ
19:34:12.779 DEBUG: Report metadata written to /home/alex/code/pythoncoverage/.scannerwork/report-task.txt
19:34:12.781 DEBUG: Post-jobs : 
19:34:12.787 INFO: Analysis total time: 16.929 s
19:34:12.789 INFO: ------------------------------------------------------------------------
19:34:12.789 INFO: EXECUTION SUCCESS
19:34:12.789 INFO: ------------------------------------------------------------------------
19:34:12.790 INFO: Total time: 19.618s
19:34:12.939 INFO: Final Memory: 44M/106M
19:34:12.939 INFO: ------------------------------------------------------------------------
